Pascal compilation failed:
Assembled 106156 bytes
Running (speed: max IPS, time limit: 10s)...


.module testlexer
.extern _p24p_write_int
.extern _p24p_write_bool
.extern _p24p_write_str
.extern _p24p_write_ln
.extern _p24p_io_init
.extern _p24p_read_int
.extern _p24p_read_char
.extern _p24p_read_ln
.extern _p24p_heap_init
.extern _p24p_new
.extern _p24p_dispose
.extern _p24p_abs
.extern _p24p_odd
.extern _p24p_ord
.extern _p24p_chr
.extern _p24p_succ
.extern _p24p_pred
.extern _p24p_sqr
.extern _p24p_eof
.extern _p24p_eoln
.extern _p24p_write_char
.extern _p24p_peek
.extern _p24p_poke
.extern _p24p_memcpy
.extern _p24p_memset
.export main
; p24p output: testlexer
.global tok 1
.global tok_int 1
.global _p24p_tmp 1
.global tok_id 22
.global tok_id_len 1
.global src 1366
.global src_len 1
.global pos 1
.global i 1
.global ch 1

.proc main 0
    call _p24p_main
    halt
.end

.proc _user_is_digit 1
    loada 0
    push 48
    ge
    loada 0
    push 57
    le
    and
    storel 0
L0:
    loadl 0
    ret 1
.end

.proc _user_is_alpha 1
    loada 0
    push 97
    ge
    loada 0
    push 122
    le
    and
    loada 0
    push 65
    ge
    loada 0
    push 90
    le
    and
    or
    loada 0
    push 95
    eq
    or
    storel 0
L1:
    loadl 0
    ret 1
.end

.proc _user_is_alnum 1
    loada 0
    call _user_is_digit
    loada 0
    call _user_is_alpha
    or
    loada 0
    push 39
    call _p24p_chr
    eq
    or
    storel 0
L2:
    loadl 0
    ret 1
.end

.proc _user_is_space 1
    loada 0
    push 32
    eq
    loada 0
    push 9
    call _p24p_chr
    eq
    or
    loada 0
    push 10
    call _p24p_chr
    eq
    or
    loada 0
    push 13
    call _p24p_chr
    eq
    or
    storel 0
L3:
    loadl 0
    ret 1
.end

.proc _user_skip_whitespace 0
L5:
    loadg pos
    loadg src_len
    lt
    loadg pos
    addrg src
    add
    loadb
    call _user_is_space
    and
    jz L6
    loadg pos
    push 1
    add
    storeg pos
    jmp L5
L6:
L4:
    ret 0
.end

.proc _user_skip_comment 2
    push 0
    storel 0
    loadg pos
    push 1
    add
    loadg src_len
    lt
    loadg pos
    addrg src
    add
    loadb
    push 40
    eq
    and
    loadg pos
    push 1
    add
    addrg src
    add
    loadb
    push 42
    eq
    and
    jz L8
    loadg pos
    push 2
    add
    storeg pos
    push 1
    storel 1
L10:
    loadg pos
    push 1
    add
    loadg src_len
    lt
    loadl 1
    push 0
    gt
    and
    jz L11
    loadg pos
    addrg src
    add
    loadb
    push 40
    eq
    loadg pos
    push 1
    add
    addrg src
    add
    loadb
    push 42
    eq
    and
    jz L12
    loadl 1
    push 1
    add
    storel 1
    loadg pos
    push 2
    add
    storeg pos
    jmp L13
L12:
    loadg pos
    addrg src
    add
    loadb
    push 42
    eq
    loadg pos
    push 1
    add
    addrg src
    add
    loadb
    push 41
    eq
    and
    jz L14
    loadl 1
    push 1
    sub
    storel 1
    loadg pos
    push 2
    add
    storeg pos
    jmp L15
L14:
    loadg pos
    push 1
    add
    storeg pos
L15:
L13:
    jmp L10
L11:
    push 1
    storel 0
L8:
L7:
    loadl 0
    ret 0
.end

.proc _user_skip_ws_and_comments 1
L17:
    push 0
    storel 0
    call _user_skip_whitespace
    call _user_skip_comment
    jz L18
    push 1
    storel 0
L18:
    loadl 0
    push 0
    eq
    jz L17
L16:
    ret 0
.end

.proc _user_classify_ident 1
    push 2
    storel 0
    loadg tok_id_len
    push 2
    eq
    jz L21
    push 0
    addrg tok_id
    add
    loadb
    push 105
    eq
    push 1
    addrg tok_id
    add
    loadb
    push 102
    eq
    and
    jz L23
    push 13
    storel 0
    jmp L24
L23:
    push 0
    addrg tok_id
    add
    loadb
    push 105
    eq
    push 1
    addrg tok_id
    add
    loadb
    push 110
    eq
    and
    jz L25
    push 12
    storel 0
L25:
L24:
    jmp L22
L21:
    loadg tok_id_len
    push 3
    eq
    jz L27
    push 0
    addrg tok_id
    add
    loadb
    push 108
    eq
    push 1
    addrg tok_id
    add
    loadb
    push 101
    eq
    and
    push 2
    addrg tok_id
    add
    loadb
    push 116
    eq
    and
    jz L29
    push 10
    storel 0
    jmp L30
L29:
    push 0
    addrg tok_id
    add
    loadb
    push 114
    eq
    push 1
    addrg tok_id
    add
    loadb
    push 101
    eq
    and
    push 2
    addrg tok_id
    add
    loadb
    push 99
    eq
    and
    jz L31
    push 11
    storel 0
    jmp L32
L31:
    push 0
    addrg tok_id
    add
    loadb
    push 102
    eq
    push 1
    addrg tok_id
    add
    loadb
    push 117
    eq
    and
    push 2
    addrg tok_id
    add
    loadb
    push 110
    eq
    and
    jz L33
    push 16
    storel 0
    jmp L34
L33:
    push 0
    addrg tok_id
    add
    loadb
    push 110
    eq
    push 1
    addrg tok_id
    add
    loadb
    push 111
    eq
    and
    push 2
    addrg tok_id
    add
    loadb
    push 116
    eq
    and
    jz L35
    push 19
    storel 0
    jmp L36
L35:
    push 0
    addrg tok_id
    add
    loadb
    push 109
    eq
    push 1
    addrg tok_id
    add
    loadb
    push 111
    eq
    and
    push 2
    addrg tok_id
    add
    loadb
    push 100
    eq
    and
    jz L37
    push 20
    storel 0
L37:
L36:
L34:
L32:
L30:
    jmp L28
L27:
    loadg tok_id_len
    push 4
    eq
    jz L39
    push 0
    addrg tok_id
    add
    loadb
    push 116
    eq
    push 1
    addrg tok_id
    add
    loadb
    push 104
    eq
    and
    push 2
    addrg tok_id
    add
    loadb
    push 101
    eq
    and
    push 3
    addrg tok_id
    add
    loadb
    push 110
    eq
    and
    jz L41
    push 14
    storel 0
    jmp L42
L41:
    push 0
    addrg tok_id
    add
    loadb
    push 101
    eq
    push 1
    addrg tok_id
    add
    loadb
    push 108
    eq
    and
    push 2
    addrg tok_id
    add
    loadb
    push 115
    eq
    and
    push 3
    addrg tok_id
    add
    loadb
    push 101
    eq
    and
    jz L43
    push 15
    storel 0
    jmp L44
L43:
    push 0
    addrg tok_id
    add
    loadb
    push 116
    eq
    push 1
    addrg tok_id
    add
    loadb
    push 114
    eq
    and
    push 2
    addrg tok_id
    add
    loadb
    push 117
    eq
    and
    push 3
    addrg tok_id
    add
    loadb
    push 101
    eq
    and
    jz L45
    push 17
    storel 0
L45:
L44:
L42:
    jmp L40
L39:
    loadg tok_id_len
    push 5
    eq
    jz L47
    push 0
    addrg tok_id
    add
    loadb
    push 102
    eq
    push 1
    addrg tok_id
    add
    loadb
    push 97
    eq
    and
    push 2
    addrg tok_id
    add
    loadb
    push 108
    eq
    and
    push 3
    addrg tok_id
    add
    loadb
    push 115
    eq
    and
    push 4
    addrg tok_id
    add
    loadb
    push 101
    eq
    and
    jz L49
    push 18
    storel 0
L49:
L47:
L40:
L28:
L22:
L20:
    loadl 0
    ret 0
.end

.proc _user_lex_init 0
    push 0
    storeg src_len
    push 0
    storeg pos
    push 0
    storeg tok
    push 0
    storeg tok_int
    push 0
    storeg tok_id_len
L52:
    call _p24p_eof
    push 0
    eq
    jz L53
    call _p24p_read_char
    storeg ch
    loadg ch
    push 4
    call _p24p_chr
    ne
    jz L54
    loadg src_len
    push 4095
    lt
    jz L56
    loadg src_len
    addrg src
    add
    storeg _p24p_tmp
    loadg ch
    loadg _p24p_tmp
    storeb
    loadg src_len
    push 1
    add
    storeg src_len
L56:
L54:
    jmp L52
L53:
L51:
    ret 0
.end

.proc _user_lex_next 1
    call _user_skip_ws_and_comments
    loadg pos
    loadg src_len
    ge
    jz L59
    push 0
    storeg tok
    jmp L58
L59:
    loadg pos
    addrg src
    add
    loadb
    storel 0
    loadl 0
    call _user_is_digit
    jz L61
    push 1
    storeg tok
    push 0
    storeg tok_int
L63:
    loadg pos
    loadg src_len
    lt
    loadg pos
    addrg src
    add
    loadb
    call _user_is_digit
    and
    jz L64
    loadg tok_int
    push 10
    mul
    loadg pos
    addrg src
    add
    loadb
    call _p24p_ord
    push 48
    call _p24p_ord
    sub
    add
    storeg tok_int
    loadg pos
    push 1
    add
    storeg pos
    jmp L63
L64:
    jmp L58
L61:
    loadl 0
    call _user_is_alpha
    jz L65
    push 0
    storeg tok_id_len
L67:
    loadg pos
    loadg src_len
    lt
    loadg pos
    addrg src
    add
    loadb
    call _user_is_alnum
    and
    jz L68
    loadg tok_id_len
    push 63
    lt
    jz L69
    loadg tok_id_len
    addrg tok_id
    add
    storeg _p24p_tmp
    loadg pos
    addrg src
    add
    loadb
    loadg _p24p_tmp
    storeb
    loadg tok_id_len
    push 1
    add
    storeg tok_id_len
L69:
    loadg pos
    push 1
    add
    storeg pos
    jmp L67
L68:
    call _user_classify_ident
    storeg tok
    jmp L58
L65:
    loadl 0
    push 43
    eq
    jz L71
    push 30
    storeg tok
    loadg pos
    push 1
    add
    storeg pos
    jmp L58
L71:
    loadl 0
    push 42
    eq
    jz L73
    push 32
    storeg tok
    loadg pos
    push 1
    add
    storeg pos
    jmp L58
L73:
    loadl 0
    push 47
    eq
    jz L75
    push 33
    storeg tok
    loadg pos
    push 1
    add
    storeg pos
    jmp L58
L75:
    loadl 0
    push 40
    eq
    jz L77
    push 50
    storeg tok
    loadg pos
    push 1
    add
    storeg pos
    jmp L58
L77:
    loadl 0
    push 41
    eq
    jz L79
    push 51
    storeg tok
    loadg pos
    push 1
    add
    storeg pos
    jmp L58
L79:
    loadl 0
    push 59
    eq
    jz L81
    push 52
    storeg tok
    loadg pos
    push 1
    add
    storeg pos
    jmp L58
L81:
    loadl 0
    push 61
    eq
    jz L83
    push 34
    storeg tok
    loadg pos
    push 1
    add
    storeg pos
    jmp L58
L83:
    loadl 0
    push 45
    eq
    jz L85
    loadg pos
    push 1
    add
    storeg pos
    loadg pos
    loadg src_len
    lt
    loadg pos
    addrg src
    add
    loadb
    push 62
    eq
    and
    jz L87
    push 42
    storeg tok
    loadg pos
    push 1
    add
    storeg pos
    jmp L88
L87:
    push 31
    storeg tok
L88:
    jmp L58
L85:
    loadl 0
    push 60
    eq
    jz L89
    loadg pos
    push 1
    add
    storeg pos
    loadg pos
    loadg src_len
    lt
    loadg pos
    addrg src
    add
    loadb
    push 62
    eq
    and
    jz L91
    push 35
    storeg tok
    loadg pos
    push 1
    add
    storeg pos
    jmp L92
L91:
    loadg pos
    loadg src_len
    lt
    loadg pos
    addrg src
    add
    loadb
    push 61
    eq
    and
    jz L93
    push 38
    storeg tok
    loadg pos
    push 1
    add
    storeg pos
    jmp L94
L93:
    push 36
    storeg tok
L94:
L92:
    jmp L58
L89:
    loadl 0
    push 62
    eq
    jz L95
    loadg pos
    push 1
    add
    storeg pos
    loadg pos
    loadg src_len
    lt
    loadg pos
    addrg src
    add
    loadb
    push 61
    eq
    and
    jz L97
    push 39
    storeg tok
    loadg pos
    push 1
    add
    storeg pos
    jmp L98
L97:
    push 37
    storeg tok
L98:
    jmp L58
L95:
    loadl 0
    push 38
    eq
    jz L99
    loadg pos
    push 1
    add
    storeg pos
    loadg pos
    loadg src_len
    lt
    loadg pos
    addrg src
    add
    loadb
    push 38
    eq
    and
    jz L101
    push 40
    storeg tok
    loadg pos
    push 1
    add
    storeg pos
    jmp L102
L101:
    push 99
    storeg tok
L102:
    jmp L58
L99:
    loadl 0
    push 124
    eq
    jz L103
    loadg pos
    push 1
    add
    storeg pos
    loadg pos
    loadg src_len
    lt
    loadg pos
    addrg src
    add
    loadb
    push 124
    eq
    and
    jz L105
    push 41
    storeg tok
    loadg pos
    push 1
    add
    storeg pos
    jmp L106
L105:
    push 99
    storeg tok
L106:
    jmp L58
L103:
    push 99
    storeg tok
    loadg pos
    push 1
    add
    storeg pos
L58:
    ret 0
.end

.proc _user_print_tok_name 0
    loadg tok
    push 0
    eq
    jz L108
    push S0
    call _p24p_write_str
    jmp L109
L108:
    loadg tok
    push 1
    eq
    jz L110
    push S1
    call _p24p_write_str
    jmp L111
L110:
    loadg tok
    push 2
    eq
    jz L112
    push S2
    call _p24p_write_str
    jmp L113
L112:
    loadg tok
    push 10
    eq
    jz L114
    push S3
    call _p24p_write_str
    jmp L115
L114:
    loadg tok
    push 11
    eq
    jz L116
    push S4
    call _p24p_write_str
    jmp L117
L116:
    loadg tok
    push 12
    eq
    jz L118
    push S5
    call _p24p_write_str
    jmp L119
L118:
    loadg tok
    push 13
    eq
    jz L120
    push S6
    call _p24p_write_str
    jmp L121
L120:
    loadg tok
    push 14
    eq
    jz L122
    push S7
    call _p24p_write_str
    jmp L123
L122:
    loadg tok
    push 15
    eq
    jz L124
    push S8
    call _p24p_write_str
    jmp L125
L124:
    loadg tok
    push 16
    eq
    jz L126
    push S9
    call _p24p_write_str
    jmp L127
L126:
    loadg tok
    push 17
    eq
    jz L128
    push S10
    call _p24p_write_str
    jmp L129
L128:
    loadg tok
    push 18
    eq
    jz L130
    push S11
    call _p24p_write_str
    jmp L131
L130:
    loadg tok
    push 19
    eq
    jz L132
    push S12
    call _p24p_write_str
    jmp L133
L132:
    loadg tok
    push 20
    eq
    jz L134
    push S13
    call _p24p_write_str
    jmp L135
L134:
    loadg tok
    push 30
    eq
    jz L136
    push S14
    call _p24p_write_str
    jmp L137
L136:
    loadg tok
    push 31
    eq
    jz L138
    push S15
    call _p24p_write_str
    jmp L139
L138:
    loadg tok
    push 32
    eq
    jz L140
    push S16
    call _p24p_write_str
    jmp L141
L140:
    loadg tok
    push 33
    eq
    jz L142
    push S17
    call _p24p_write_str
    jmp L143
L142:
    loadg tok
    push 34
    eq
    jz L144
    push S18
    call _p24p_write_str
    jmp L145
L144:
    loadg tok
    push 35
    eq
    jz L146
    push S19
    call _p24p_write_str
    jmp L147
L146:
    loadg tok
    push 36
    eq
    jz L148
    push S20
    call _p24p_write_str
    jmp L149
L148:
    loadg tok
    push 37
    eq
    jz L150
    push S21
    call _p24p_write_str
    jmp L151
L150:
    loadg tok
    push 38
    eq
    jz L152
    push S22
    call _p24p_write_str
    jmp L153
L152:
    loadg tok
    push 39
    eq
    jz L154
    push S23
    call _p24p_write_str
    jmp L155
L154:
    loadg tok
    push 40
    eq
    jz L156
    push S24
    call _p24p_write_str
    jmp L157
L156:
    loadg tok
    push 41
    eq
    jz L158
    push S25
    call _p24p_write_str
    jmp L159
L158:
    loadg tok
    push 42
    eq
    jz L160
    push S26
    call _p24p_write_str
    jmp L161
L160:
    loadg tok
    push 50
    eq
    jz L162
    push S27
    call _p24p_write_str
    jmp L163
L162:
    loadg tok
    push 51
    eq
    jz L164
    push S28
    call _p24p_write_str
    jmp L165
L164:
    loadg tok
    push 52
    eq
    jz L166
    push S29
    call _p24p_write_str
    jmp L167
L166:
    loadg tok
    push 99
    eq
    jz L168
    push S

Executed 200000000 instructions
