> let _ = List.length [1; 2; 3; 4; 5; 6; 7; 8; 9; 10]
> let _ = List.length [1; 2; 3; 4; 5; 6; 7; 8; 9; 10]
> let _ = List.length [1; 2; 3; 4; 5; 6; 7; 8; 9; 10]
> let _ = List.length [1; 2; 3; 4; 5; 6; 7; 8; 9; 10]
> let _ = List.length [1; 2; 3; 4; 5; 6; 7; 8; 9; 10]
> let _ = List.length [1; 2; 3; 4; 5; 6; 7; 8; 9; 10]
> let _ = List.length [1; 2; 3; 4; 5; 6; 7; 8; 9; 10]
> let _ = List.length [1; 2; 3; 4; 5; 6; 7; 8; 9; 10]
> let _ = List.length [1; 2; 3; 4; 5; 6; 7; 8; 9; 10]
> let _ = List.length [1; 2; 3; 4; 5; 6; 7; 8; 9; 10]
> let _ = List.length [1; 2; 3; 4; 5; 6; 7; 8; 9; 10]
> let _ = List.length [1; 2; 3; 4; 5; 6; 7; 8; 9; 10]
> let _ = List.length [1; 2; 3; 4; 5; 6; 7; 8; 9; 10]
> let _ = List.length [1; 2; 3; 4; 5; 6; 7; 8; 9; 10]
> let _ = List.length [1; 2; 3; 4; 5; 6; 7; 8; 9; 10]
> let _ = List.length [1; 2; 3; 4; 5; 6; 7; 8; 9; 10]
> let _ = List.length [1; 2; 3; 4; 5; 6; 7; 8; 9; 10]
> let _ = List.length [1; 2; 3; 4; 5; 6; 7; 8; 9; 10]
> let _ = List.length [1; 2; 3; 4; 5; 6; 7; 8; 9; 10]
> let _ = List.length [1; 2; 3; 4; 5; 6; 7; 8; 9; 10]
> let _ = List.length [1; 2; 3; 4; 5; 6; 7; 8; 9; 10]
> let _ = List.length [1; 2; 3; 4; 5; 6; 7; 8; 9; 10]
> let _ = List.length [1; 2; 3; 4; 5; 6; 7; 8; 9; 10]
> let _ = List.length [1; 2; 3; 4; 5; 6; 7; 8; 9; 10]
> let _ = List.length [1; 2; 3; 4; 5; 6; 7; 8; 9; 10]
> let _ = List.length [1; 2; 3; 4; 5; 6; 7; 8; 9; 10]
> let _ = List.length [1; 2; 3; 4; 5; 6; 7; 8; 9; 10]
> let _ = List.length [1; 2; 3; 4; 5; 6; 7; 8; 9; 10]
> let _ = List.length [1; 2; 3; 4; 5; 6; 7; 8; 9; 10]
> let _ = List.length [1; 2; 3; 4; 5; 6; 7; 8; 9; 10]
> let _ = List.length [1; 2; 3; 4; 5; 6; 7; 8; 9; 10]
> let _ = List.length [1; 2; 3; 4; 5; 6; 7; 8; 9; 10]
> let _ = List.length [1; 2; 3; 4; 5; 6; 7; 8; 9; 10]
> let _ = List.length [1; 2; 3; 4; 5; 6; 7; 8; 9; 10]
> let _ = List.length [1; 2; 3; 4; 5; 6; 7; 8; 9; 10]
> let _ = List.length [1; 2; 3; 4; 5; 6; 7; 8; 9; 10]
> let _ = List.length [1; 2; 3; 4; 5; 6; 7; 8; 9; 10]
> let _ = List.length [1; 2; 3; 4; 5; 6; 7; 8; 9; 10]
> let _ = List.length [1; 2; 3; 4; 5; 6; 7; 8; 9; 10]
> let _ = List.length [1; 2; 3; 4; 5; 6; 7; 8; 9; 10]
> let _ = List.length [1; 2; 3; 4; 5; 6; 7; 8; 9; 10]
> let _ = List.length [1; 2; 3; 4; 5; 6; 7; 8; 9; 10]
> let _ = List.length [1; 2; 3; 4; 5; 6; 7; 8; 9; 10]
> let _ = List.length [1; 2; 3; 4; 5; 6; 7; 8; 9; 10]
> let _ = List.length [1; 2; 3; 4; 5; 6; 7; 8; 9; 10]
> let _ = List.length [1; 2; 3; 4; 5; 6; 7; 8; 9; 10]
> let _ = List.length [1; 2; 3; 4; 5; 6; 7; 8; 9; 10]
> let _ = List.length [1; 2; 3; 4; 5; 6; 7; 8; 9; 10]
> let _ = List.length [1; 2; 3; 4; 5; 6; 7; 8; 9; 10]
> let _ = List.length [1; 2; 3; 4; 5; 6; 7; 8; 9; 10]
> let _ = List.length [1; 2; 3; 4; 5; 6; 7; 8; 9; 10]
> let _ = List.length [1; 2; 3; 4; 5; 6; 7; 8; 9; 10]
> let _ = List.length [1; 2; 3; 4; 5; 6; 7; 8; 9; 10]
> let _ = List.length [1; 2; 3; 4; 5; 6; 7; 8; 9; 10]
> let _ = List.length [1; 2; 3; 4; 5; 6; 7; 8; 9; 10]
> let _ = List.length [1; 2; 3; 4; 5; 6; 7; 8; 9; 10]
> let _ = List.length [1; 2; 3; 4; 5; 6; 7; 8; 9; 10]
> let _ = List.length [1; 2; 3; 4; 5; 6; 7; 8; 9; 10]
> let _ = List.length [1; 2; 3; 4; 5; 6; 7; 8; 9; 10]
> let _ = List.length [1; 2; 3; 4; 5; 6; 7; 8; 9; 10]
> let _ = List.length [1; 2; 3; 4; 5; 6; 7; 8; 9; 10]
> let _ = List.length [1; 2; 3; 4; 5; 6; 7; 8; 9; 10]
> let _ = List.length [1; 2; 3; 4; 5; 6; 7; 8; 9; 10]
> let _ = List.length [1; 2; 3; 4; 5; 6; 7; 8; 9; 10]
> let _ = List.length [1; 2; 3; 4; 5; 6; 7; 8; 9; 10]
> let _ = List.length [1; 2; 3; 4; 5; 6; 7; 8; 9; 10]
> let _ = List.length [1; 2; 3; 4; 5; 6; 7; 8; 9; 10]
> let _ = List.length [1; 2; 3; 4; 5; 6; 7; 8; 9; 10]
> let _ = List.length [1; 2; 3; 4; 5; 6; 7; 8; 9; 10]
> let _ = List.length [1; 2; 3; 4; 5; 6; 7; 8; 9; 10]
> let _ = List.length [1; 2; 3; 4; 5; 6; 7; 8; 9; 10]
> let _ = List.length [1; 2; 3; 4; 5; 6; 7; 8; 9; 10]
> let _ = List.length [1; 2; 3; 4; 5; 6; 7; 8; 9; 10]
> let _ = List.length [1; 2; 3; 4; 5; 6; 7; 8; 9; 10]
> let _ = List.length [1; 2; 3; 4; 5; 6; 7; 8; 9; 10]
> let _ = List.length [1; 2; 3; 4; 5; 6; 7; 8; 9; 10]
> let _ = List.length [1; 2; 3; 4; 5; 6; 7; 8; 9; 10]
> let _ = List.length [1; 2; 3; 4; 5; 6; 7; 8; 9; 10]
> let _ = List.length [1; 2; 3; 4; 5; 6; 7; 8; 9; 10]
> let _ = List.length [1; 2; 3; 4; 5; 6; 7; 8; 9; 10]
> let _ = List.length [1; 2; 3; 4; 5; 6; 7; 8; 9; 10]
> let _ = List.length [1; 2; 3; 4; 5; 6; 7; 8; 9; 10]
> let _ = List.length [1; 2; 3; 4; 5; 6; 7; 8; 9; 10]
> let _ = List.length [1; 2; 3; 4; 5; 6; 7; 8; 9; 10]
> let _ = List.length [1; 2; 3; 4; 5; 6; 7; 8; 9; 10]
> let _ = List.length [1; 2; 3; 4; 5; 6; 7; 8; 9; 10]
> let _ = List.length [1; 2; 3; 4; 5; 6; 7; 8; 9; 10]
> let _ = List.length [1; 2; 3; 4; 5; 6; 7; 8; 9; 10]
> let _ = List.length [1; 2; 3; 4; 5; 6; 7; 8; 9; 10]
> let _ = List.length [1; 2; 3; 4; 5; 6; 7; 8; 9; 10]
> let _ = List.length [1; 2; 3; 4; 5; 6; 7; 8; 9; 10]
> let _ = List.length [1; 2; 3; 4; 5; 6; 7; 8; 9; 10]
> let _ = List.length [1; 2; 3; 4; 5; 6; 7; 8; 9; 10]
> let _ = List.length [1; 2; 3; 4; 5; 6; 7; 8; 9; 10]
> let _ = List.length [1; 2; 3; 4; 5; 6; 7; 8; 9; 10]
> let _ = List.length [1; 2; 3; 4; 5; 6; 7; 8; 9; 10]
> let _ = List.length [1; 2; 3; 4; 5; 6; 7; 8; 9; 10]
> let _ = List.length [1; 2; 3; 4; 5; 6; 7; 8; 9; 10]
> let _ = List.length [1; 2; 3; 4; 5; 6; 7; 8; 9; 10]
> let _ = List.length [1; 2; 3; 4; 5; 6; 7; 8; 9; 10]
> let _ = print_int 4242
